


ARM Macro Assembler    Page 1 


    1 00000000         ;*******************************************************
                       ********************************************************
                       ******
    2 00000000         ;* @file     startup_XMC1400.s
    3 00000000         ;* @brief    CMSIS Core Device Startup File for Infineon
                        XMC1400 Device Series
    4 00000000         ;* @version  V1.2
    5 00000000         ;* @date     22 Jul 2018
    6 00000000         ;*
    7 00000000         ;* @cond
    8 00000000         ;*******************************************************
                       ********************************************************
                       ******
    9 00000000         ;* Copyright (c) 2015-2018, Infineon Technologies AG
   10 00000000         ;* All rights reserved.                        
   11 00000000         ;*                                             
   12 00000000         ;* Redistribution and use in source and binary forms, wi
                       th or without modification,are permitted provided that t
                       he 
   13 00000000         ;* following conditions are met:   
   14 00000000         ;*                                                      
                                               
   15 00000000         ;* Redistributions of source code must retain the above 
                       copyright notice, this list of conditions and the follow
                       ing 
   16 00000000         ;* disclaimer.                        
   17 00000000         ;* 
   18 00000000         ;* Redistributions in binary form must reproduce the abo
                       ve copyright notice, this list of conditions and the fol
                       lowing 
   19 00000000         ;* disclaimer in the documentation and/or other material
                       s provided with the distribution.                       
                       
   20 00000000         ;* 
   21 00000000         ;* Neither the name of the copyright holders nor the nam
                       es of its contributors may be used to endorse or promote
                        
   22 00000000         ;* products derived from this software without specific 
                       prior written permission.                               
                                   
   23 00000000         ;*                                                      
                                               
   24 00000000         ;* THIS SOFTWARE IS PROVIDED BY THE COPYRIGHT HOLDERS AN
                       D CONTRIBUTORS "AS IS" AND ANY EXPRESS OR IMPLIED WARRAN
                       TIES, 
   25 00000000         ;* INCLUDING, BUT NOT LIMITED TO, THE IMPLIED WARRANTIES
                        OF MERCHANTABILITY AND FITNESS FOR A PARTICULAR PURPOSE
                        ARE  
   26 00000000         ;* DISCLAIMED. IN NO EVENT SHALL THE COPYRIGHT HOLDER OR
                        CONTRIBUTORS BE LIABLE  FOR ANY DIRECT, INDIRECT, INCID
                       ENTAL, 
   27 00000000         ;* SPECIAL, EXEMPLARY, OR CONSEQUENTIAL DAMAGES (INCLUDI
                       NG, BUT NOT LIMITED TO, PROCUREMENT OF SUBSTITUTE GOODS 
                       OR  
   28 00000000         ;* SERVICES; LOSS OF USE, DATA, OR PROFITS; OR BUSINESS 
                       INTERRUPTION) HOWEVER CAUSED AND ON ANY THEORY OF LIABIL
                       ITY, 
   29 00000000         ;* WHETHER IN CONTRACT, STRICT LIABILITY,OR TORT (INCLUD
                       ING NEGLIGENCE OR OTHERWISE) ARISING IN ANY WAY OUT OF T



ARM Macro Assembler    Page 2 


                       HE USE 
   30 00000000         ;* OF THIS SOFTWARE, EVEN IF ADVISED OF THE POSSIBILITY 
                       OF SUCH DAMAGE.                                         
                                
   31 00000000         ;*                                                      
                                               
   32 00000000         ;* To improve the quality of the software, users are enc
                       ouraged to share modifications, enhancements or bug fixe
                       s with 
   33 00000000         ;* Infineon Technologies AG dave@infineon.com).         
                                                                        
   34 00000000         ;*******************************************************
                       ********************************************************
                       ******
   35 00000000         ;*
   36 00000000         ;**************************** Change history ***********
                       *********************
   37 00000000         ;* V1.0, Sep, 03, 2015 JFT:Initial version
   38 00000000         ;*                         MCLK=8MHz, PCLK=16MHz
   39 00000000         ;*
   40 00000000         ;* V1.1, Sep, 15, 2017 JFT:Added option to select wait t
                       ime before ASC BSL channel selection (WAIT_ASCBSL_ENTRY_
                       SSW)
   41 00000000         ;* V1.2, Jul, 22, 2018 JFT:Modify way interrupt handler 
                       veneers are defined
   42 00000000         ;*
   43 00000000         ;* @endcond 
   44 00000000         ;*
   45 00000000         
   46 00000000         ; ------------------ <<< Use Configuration Wizard in Con
                       text Menu >>> ------------------
   47 00000000         
   48 00000000         ; <h> Stack Configuration
   49 00000000         ;   <o> Stack Size (in Bytes) <0x0-0xFFFFFFFF:8>
   50 00000000         ; </h>
   51 00000000         
   52 00000000 00000400 
                       Stack_Size
                               EQU              0x00000400
   53 00000000         
   54 00000000                 AREA             STACK, NOINIT, READWRITE, ALIGN
=3
   55 00000000         Stack_Mem
                               SPACE            Stack_Size
   56 00000400         __initial_sp
   57 00000400         
   58 00000400         
   59 00000400         ; <h> Heap Configuration
   60 00000400         ;   <o>  Heap Size (in Bytes) <0x0-0xFFFFFFFF:8>
   61 00000400         ; </h>
   62 00000400         
   63 00000400 00000200 
                       Heap_Size
                               EQU              0x00000200
   64 00000400         
   65 00000400                 AREA             HEAP, NOINIT, READWRITE, ALIGN=
3
   66 00000000         __heap_base
   67 00000000         Heap_Mem



ARM Macro Assembler    Page 3 


                               SPACE            Heap_Size
   68 00000200         __heap_limit
   69 00000200         
   70 00000200         ;*******************************************************
                       *********************
   71 00000200         ; <h> Clock system handling by SSW
   72 00000200         ;   <h> CLK_VAL1 Configuration
   73 00000200         ;    <o0.0..9>    FDIV Fractional Divider Selection <0-1
                       023>
   74 00000200         ;    <i> Deafult: 0. Fractional part of clock divider, M
                       CLK = DCO1 / (IDIV + (FDIV / 1024))
   75 00000200         ;    <o0.10..17>  IDIV Divider Selection <1-16>
   76 00000200         ;    <i> Deafult: 6. Interger part of clock divider, MCL
                       K = DCO1 / (IDIV + (FDIV / 1024) = 8MHz)
   77 00000200         ;    <o0.18>      PCLKSEL PCLK Clock Select
   78 00000200         ;                    <0=> PCLK = MCLK
   79 00000200         ;                    <1=> PCLK = 2 x MCLK
   80 00000200         ;    <i> Deafult: 2 x MCLK
   81 00000200         ;    <o0.19..21>  RTCCLKSEL RTC Clock Select
   82 00000200         ;                    <0=> 32.768kHz standby clock
   83 00000200         ;                    <1=> 32.768kHz external clock from 
                       ERU0.IOUT0
   84 00000200         ;                    <2=> 32.768kHz external clock from 
                       ACMP0.OUT
   85 00000200         ;                    <3=> 32.768kHz external clock from 
                       ACMP1.OUT
   86 00000200         ;                    <4=> 32.768kHz external clock from 
                       ACMP2.OUT
   87 00000200         ;                    <5=> 32.768kHz XTAL clock via OSC_L
                       P
   88 00000200         ;                    <6=> Reserved
   89 00000200         ;                    <7=> Reserved
   90 00000200         ;    <i> Deafult: 32.768kHz standby clock
   91 00000200         ;    <o0.31>      do not move CLK_VAL1 to SCU_CLKCR[0..1
                       9]
   92 00000200         ;  </h>
   93 00000200         ;*******************************************************
                       **********************
   94 00000200 00041800 
                       CLK_VAL1_Val
                               EQU              0x00041800
   95 00000200         
   96 00000200         ;*******************************************************
                       **********************
   97 00000200         ;  <h> CLK_VAL2 Configuration
   98 00000200         ;    <o0.0>    disable VADC and SHS Gating
   99 00000200         ;    <o0.1>    disable CCU80 Gating
  100 00000200         ;    <o0.2>    disable CCU40 Gating
  101 00000200         ;    <o0.3>    disable USIC0 Gating
  102 00000200         ;    <o0.4>    disable BCCU0 Gating
  103 00000200         ;    <o0.5>    disable LEDTS0 Gating
  104 00000200         ;    <o0.6>    disable LEDTS1 Gating
  105 00000200         ;    <o0.7>    disable POSIF0 Gating
  106 00000200         ;    <o0.8>    disable MATH Gating
  107 00000200         ;    <o0.9>    disable WDT Gating
  108 00000200         ;    <o0.10>   disable RTC Gating
  109 00000200         ;    <o0.16>   disable CCU81 Gating
  110 00000200         ;    <o0.17>   disable CCU41 Gating 
  111 00000200         ;    <o0.18>   disable USIC1 Gating



ARM Macro Assembler    Page 4 


  112 00000200         ;    <o0.19>   disable LEDTS2 Gating 
  113 00000200         ;    <o0.20>   disable POSIF1 Gating
  114 00000200         ;    <o0.21>   disable MCAN0 Gating
  115 00000200         ;    <o0.31>   do not move CLK_VAL2 to SCU_CGATCLR0[0..1
                       0]
  116 00000200         ;  </h>
  117 00000200         ;*******************************************************
                       **********************
  118 00000200 00000100 
                       CLK_VAL2_Val
                               EQU              0x00000100
  119 00000200         
  120 00000200         ;*******************************************************
                       **********************
  121 00000200         ;*  <h> WAIT_ASCBSL_ENTRY Configuration
  122 00000200         ;*    <o0.0..30>    Wait time before ASC BSL channel sel
                       ection (number of MCLK clock cycles)
  123 00000200         ;*    <o0.31>       Disable wait time before ASC BSL cha
                       nnel selection
  124 00000200         ;*  </h>
  125 00000200         ;*******************************************************
                       **********************
  126 00000200 80000000 
                       WAIT_ASCBSL_ENTRY_SSW_Val
                               EQU              0x80000000
  127 00000200         ; </h>
  128 00000200         
  129 00000200                 PRESERVE8
  130 00000200                 THUMB
  131 00000200         
  132 00000200         ; Vector Table Mapped to Address 0 at Reset
  133 00000200         
  134 00000200                 AREA             RESET, DATA, READONLY
  135 00000000                 EXPORT           __Vectors
  136 00000000                 EXPORT           __Vectors_End
  137 00000000                 EXPORT           __Vectors_Size
  138 00000000         
  139 00000000 00000000 
                       __Vectors
                               DCD              __initial_sp ; Top of Stack
  140 00000004 00000000        DCD              Reset_Handler ; Reset Handler
  141 00000008 00000000        DCD              0           ; Reserved
  142 0000000C 00000000        DCD              0           ; Reserved
  143 00000010 00041800        DCD              CLK_VAL1_Val ; CLK_VAL1
  144 00000014 00000100        DCD              CLK_VAL2_Val ; CLK_VAL2
  145 00000018 80000000        DCD              WAIT_ASCBSL_ENTRY_SSW_Val ; WAI
                                                            T_ASCBSL_ENTRY_SSW
  146 0000001C         __Vectors_End
  147 0000001C         
  148 0000001C 0000001C 
                       __Vectors_Size
                               EQU              __Vectors_End - __Vectors
  149 0000001C         
  150 0000001C                 AREA             |.text|, CODE, READONLY
  151 00000000         
  152 00000000         
  153 00000000         ; Reset Handler
  154 00000000         
  155 00000000         Reset_Handler



ARM Macro Assembler    Page 5 


                               PROC
  156 00000000                 EXPORT           Reset_Handler             [WEAK
]
  157 00000000                 IMPORT           SystemInit
  158 00000000                 IMPORT           __main
  159 00000000         ; Following code initializes the Veneers at address 0x20
                       000000 with a "branch to itself"
  160 00000000         ; The real veneers will be copied later from the scatter
                        loader before reaching main.
  161 00000000         ; This init code should handle an exception before the r
                       eal veneers are copied.
  162 00000000 20000000 
                       SRAM_BASE
                               EQU              0x20000000
  163 00000000 E7FEBF00 
                       VENEER_INIT_CODE
                               EQU              0xE7FEBF00  ; NOP, B .
  164 00000000         
  165 00000000 4908            LDR              R1, =SRAM_BASE
  166 00000002 4A09            LDR              R2, =VENEER_INIT_CODE
  167 00000004 2030            MOVS             R0, #48     ; Veneer 0..47
  168 00000006         Init_Veneers
  169 00000006 600A            STR              R2, [R1]
  170 00000008 3104            ADDS             R1, #4
  171 0000000A 1E40            SUBS             R0, R0, #1
  172 0000000C D1FB            BNE              Init_Veneers
  173 0000000E         
  174 0000000E 4807            LDR              R0, =SystemInit
  175 00000010 4780            BLX              R0
  176 00000012 4807            LDR              R0, =__main
  177 00000014 4700            BX               R0
  178 00000016                 ENDP
  179 00000016         
  180 00000016         Default_Handler
                               PROC
  181 00000016         
  182 00000016                 EXPORT           HardFault_Handler       [WEAK]
  183 00000016                 EXPORT           SVC_Handler             [WEAK]
  184 00000016                 EXPORT           PendSV_Handler          [WEAK]
  185 00000016                 EXPORT           SysTick_Handler         [WEAK]
  186 00000016                 EXPORT           IRQ0_Handler            [WEAK] 
                                                            ; SCU.SR0, CAN0.SR0
                                                            , CCU40.SR0, SCU.SR
                                                            0 | CAN0.SR0
  187 00000016                 EXPORT           IRQ1_Handler            [WEAK] 
                                                            ; SCU.SR1, CAN0.SR1
                                                            , CCU80.SR0, SCU.SR
                                                            1 | CAN0.SR1
  188 00000016                 EXPORT           IRQ2_Handler            [WEAK] 
                                                            ; SCU.SR2, CAN0.SR2
                                                            , CCU80.SR1, SCU.SR
                                                            2 | CAN0.SR2
  189 00000016                 EXPORT           IRQ3_Handler            [WEAK] 
                                                            ; ERU0.SR0, ERU1.SR
                                                            0, CAN0.SR0, ERU0.S
                                                            R0 | ERU1.SR0
  190 00000016                 EXPORT           IRQ4_Handler            [WEAK] 
                                                            ; ERU0.SR1, ERU1.SR
                                                            1, CAN0.SR1, ERU0.S



ARM Macro Assembler    Page 6 


                                                            R1 | ERU1.SR1
  191 00000016                 EXPORT           IRQ5_Handler            [WEAK] 
                                                            ; ERU0.SR2, ERU1.SR
                                                            2, CAN0.SR2, ERU0.S
                                                            R2 | ERU1.SR2
  192 00000016                 EXPORT           IRQ6_Handler            [WEAK] 
                                                            ; ERU0.SR3, ERU1.SR
                                                            3, CAN0.SR3, ERU0.S
                                                            R3 | ERU1.SR3
  193 00000016                 EXPORT           IRQ7_Handler            [WEAK] 
                                                            ; MATH.SR0, CAN0.SR
                                                            3, CCU40.SR1, MATH.
                                                            SR0 | CAN0.SR3
  194 00000016                 EXPORT           IRQ8_Handler            [WEAK] 
                                                            ; LEDTS2.SR0, CCU40
                                                            .SR0, CCU80.SR0, LE
                                                            DTS2.SR0 | CCU40.SR
                                                            0
  195 00000016                 EXPORT           IRQ9_Handler            [WEAK] 
                                                            ; USIC0.SR0, USIC1.
                                                            SR0, ERU0.SR0, USIC
                                                            0.SR0 | USIC1.SR0
  196 00000016                 EXPORT           IRQ10_Handler           [WEAK] 
                                                            ; USIC0.SR1, USIC1.
                                                            SR1, ERU0.SR1, USIC
                                                            0.SR1 | USIC1.SR1
  197 00000016                 EXPORT           IRQ11_Handler           [WEAK] 
                                                            ; USIC0.SR2, USIC1.
                                                            SR2, ERU0.SR2, USIC
                                                            0.SR2 | USIC1.SR2
  198 00000016                 EXPORT           IRQ12_Handler           [WEAK] 
                                                            ; USIC0.SR3, USIC1.
                                                            SR3, ERU0.SR3, USIC
                                                            0.SR3 | USIC1.SR3
  199 00000016                 EXPORT           IRQ13_Handler           [WEAK] 
                                                            ; USIC0.SR4, USIC1.
                                                            SR4, CCU80.SR1, USI
                                                            C0.SR4 | USIC1.SR4
  200 00000016                 EXPORT           IRQ14_Handler           [WEAK] 
                                                            ; USIC0.SR5, USIC1.
                                                            SR5, POSIF0.SR0, US
                                                            IC0.SR5 | USIC1.SR5
                                                            
  201 00000016                 EXPORT           IRQ15_Handler           [WEAK] 
                                                            ; VADC0.C0SR0, USIC
                                                            0.SR0, POSIF0.SR1, 
                                                            VADC0.C0SR0 | USIC0
                                                            .SR0
  202 00000016                 EXPORT           IRQ16_Handler           [WEAK] 
                                                            ; VADC0.C0SR1, USIC
                                                            0.SR1, CCU40.SR2, V
                                                            ADC0.C0SR1 | USIC0.
                                                            SR1
  203 00000016                 EXPORT           IRQ17_Handler           [WEAK] 
                                                            ; VADC0.G0SR0, USIC
                                                            0.SR2, CAN0.SR0, VA
                                                            DC0.G0SR0 | USIC0.S
                                                            R2
  204 00000016                 EXPORT           IRQ18_Handler           [WEAK] 



ARM Macro Assembler    Page 7 


                                                            ; VADC0.G0SR1, USIC
                                                            0.SR3, CAN0.SR1, VA
                                                            DC0.G0SR1 | USIC0.S
                                                            R3
  205 00000016                 EXPORT           IRQ19_Handler           [WEAK] 
                                                            ; VADC0.G1SR0, USIC
                                                            0.SR4, CAN0.SR2, VA
                                                            DC0.G1SR0 | USIC0.S
                                                            R4
  206 00000016                 EXPORT           IRQ20_Handler           [WEAK] 
                                                            ; VADC0.G1SR1, USIC
                                                            0.SR5, CAN0.SR3, VA
                                                            DC0.G1SR1 | USIC0.S
                                                            R5
  207 00000016                 EXPORT           IRQ21_Handler           [WEAK] 
                                                            ; CCU40.SR0, CCU41.
                                                            SR0, USIC0.SR0, CCU
                                                            40.SR0 | CCU41.SR0
  208 00000016                 EXPORT           IRQ22_Handler           [WEAK] 
                                                            ; CCU40.SR1, CCU41.
                                                            SR1, USIC0.SR1, CCU
                                                            40.SR1 | CCU41.SR1
  209 00000016                 EXPORT           IRQ23_Handler           [WEAK] 
                                                            ; CCU40.SR2, CCU41.
                                                            SR2, USIC0.SR2, CCU
                                                            40.SR2 | CCU41.SR2
  210 00000016                 EXPORT           IRQ24_Handler           [WEAK] 
                                                            ; CCU40.SR3, CCU41.
                                                            SR3, USIC0.SR3, CCU
                                                            40.SR3 | CCU41.SR3
  211 00000016                 EXPORT           IRQ25_Handler           [WEAK] 
                                                            ; CCU80.SR0, CCU81.
                                                            SR0, USIC0.SR4, CCU
                                                            80.SR0 | CCU81.SR0
  212 00000016                 EXPORT           IRQ26_Handler           [WEAK] 
                                                            ; CCU80.SR1, CCU81.
                                                            SR1, USIC0.SR5, CCU
                                                            80.SR1 | CCU81.SR1
  213 00000016                 EXPORT           IRQ27_Handler           [WEAK] 
                                                            ; POSIF0.SR0, POSIF
                                                            1.SR0, CCU40.SR3, P
                                                            OSIF0.SR0 | POSIF1.
                                                            SR0
  214 00000016                 EXPORT           IRQ28_Handler           [WEAK] 
                                                            ; POSIF0.SR1, POSIF
                                                            1.SR1, ERU0.SR0, PO
                                                            SIF0.SR1 | POSIF1.S
                                                            R1
  215 00000016                 EXPORT           IRQ29_Handler           [WEAK] 
                                                            ; LEDTS0.SR0, CCU40
                                                            .SR1, ERU0.SR1, LED
                                                            TS0.SR0 | CCU40.SR1
                                                            
  216 00000016                 EXPORT           IRQ30_Handler           [WEAK] 
                                                            ; LEDTS1.SR0, CCU40
                                                            .SR2, ERU0.SR2, LED
                                                            TS1.SR0 | CCU40.SR2
                                                            
  217 00000016                 EXPORT           IRQ31_Handler           [WEAK] 



ARM Macro Assembler    Page 8 


                                                            ; BCCU0.SR0, CCU40.
                                                            SR3, ERU0.SR3, BCCU
                                                            0.SR0 | CCU40.SR3
  218 00000016         
  219 00000016         HardFault_Handler
  220 00000016         SVC_Handler
  221 00000016         PendSV_Handler
  222 00000016         SysTick_Handler
  223 00000016         IRQ0_Handler
  224 00000016         IRQ1_Handler
  225 00000016         IRQ2_Handler
  226 00000016         IRQ3_Handler
  227 00000016         IRQ4_Handler
  228 00000016         IRQ5_Handler
  229 00000016         IRQ6_Handler
  230 00000016         IRQ7_Handler
  231 00000016         IRQ8_Handler
  232 00000016         IRQ9_Handler
  233 00000016         IRQ10_Handler
  234 00000016         IRQ11_Handler
  235 00000016         IRQ12_Handler
  236 00000016         IRQ13_Handler
  237 00000016         IRQ14_Handler
  238 00000016         IRQ15_Handler
  239 00000016         IRQ16_Handler
  240 00000016         IRQ17_Handler
  241 00000016         IRQ18_Handler
  242 00000016         IRQ19_Handler
  243 00000016         IRQ20_Handler
  244 00000016         IRQ21_Handler
  245 00000016         IRQ22_Handler
  246 00000016         IRQ23_Handler
  247 00000016         IRQ24_Handler
  248 00000016         IRQ25_Handler
  249 00000016         IRQ26_Handler
  250 00000016         IRQ27_Handler
  251 00000016         IRQ28_Handler
  252 00000016         IRQ29_Handler
  253 00000016         IRQ30_Handler
  254 00000016         IRQ31_Handler
  255 00000016 E7FE            B                .
  256 00000018         
  257 00000018                 ENDP
  258 00000018         
  259 00000018         
  260 00000018                 ALIGN
  261 00000018         
  262 00000018         
  263 00000018         ; User Initial Stack & Heap
  264 00000018         
  265 00000018                 IF               :DEF:__MICROLIB
  272 00000018         
  273 00000018                 IMPORT           __use_two_region_memory
  274 00000018                 EXPORT           __user_initial_stackheap
  275 00000018         
  276 00000018         __user_initial_stackheap
                               PROC
  277 00000018 4806            LDR              R0, =  Heap_Mem
  278 0000001A 4907            LDR              R1, =(Stack_Mem + Stack_Size)



ARM Macro Assembler    Page 9 


  279 0000001C 4A07            LDR              R2, = (Heap_Mem +  Heap_Size)
  280 0000001E 4B08            LDR              R3, = Stack_Mem
  281 00000020 4770            BX               LR
  282 00000022                 ENDP
  283 00000022         
  284 00000022 00 00           ALIGN
  285 00000024         
  286 00000024                 ENDIF
  287 00000024         
  288 00000024         
  289 00000024         ;* ================== START OF INTERRUPT HANDLER VENEERS
                        ==================== */
  290 00000024         ; Veneers are located to fix SRAM Address 0x2000'0000
  291 00000024 20000000 
              E7FEBF00 
              00000000 
              00000000 
              00000000 
              00000400 
              00000200 
              00000000         AREA             |.ARM.__at_0x20000000|, CODE, R
EADWRITE
  292 00000000         
  293 00000000         ; Each Veneer has exactly a length of 4 Byte
  294 00000000         
  295 00000000                 MACRO
  296 00000000                 STAYHERE         $IrqNumber
  297 00000000                 LDR              R0, =$IrqNumber
  298 00000000                 B                .
  299 00000000                 MEND
  300 00000000         
  301 00000000                 MACRO
  302 00000000                 JUMPTO           $Handler
  303 00000000                 LDR              R0, =$Handler
  304 00000000                 BX               R0
  305 00000000                 MEND
  306 00000000         
  307 00000000                 STAYHERE         0x0         ;* Reserved
  297 00000000 482F            LDR              R0, =0x0
  298 00000002 E7FE            B                .
  308 00000004                 STAYHERE         0x1         ;* Reserved 
  297 00000004 482F            LDR              R0, =0x1
  298 00000006 E7FE            B                .
  309 00000008                 STAYHERE         0x2         ;* Reserved 
  297 00000008 482F            LDR              R0, =0x2
  298 0000000A E7FE            B                .
  310 0000000C                 JUMPTO           HardFault_Handler ;* HardFault 
                                                            Veneer  
  303 0000000C 482F            LDR              R0, =HardFault_Handler
  304 0000000E 4700            BX               R0
  311 00000010                 STAYHERE         0x4         ;* Reserved 
  297 00000010 482F            LDR              R0, =0x4
  298 00000012 E7FE            B                .
  312 00000014                 STAYHERE         0x5         ;* Reserved 
  297 00000014 482F            LDR              R0, =0x5
  298 00000016 E7FE            B                .
  313 00000018                 STAYHERE         0x6         ;* Reserved 
  297 00000018 482F            LDR              R0, =0x6
  298 0000001A E7FE            B                .



ARM Macro Assembler    Page 10 


  314 0000001C                 STAYHERE         0x7         ;* Reserved 
  297 0000001C 482F            LDR              R0, =0x7
  298 0000001E E7FE            B                .
  315 00000020                 STAYHERE         0x8         ;* Reserved 
  297 00000020 482F            LDR              R0, =0x8
  298 00000022 E7FE            B                .
  316 00000024                 STAYHERE         0x9         ;* Reserved 
  297 00000024 482F            LDR              R0, =0x9
  298 00000026 E7FE            B                .
  317 00000028                 STAYHERE         0xA         ;* Reserved
  297 00000028 482F            LDR              R0, =0xA
  298 0000002A E7FE            B                .
  318 0000002C                 JUMPTO           SVC_Handler ;* SVC Veneer      
                                                              
  303 0000002C 482F            LDR              R0, =SVC_Handler
  304 0000002E 4700            BX               R0
  319 00000030                 STAYHERE         0xC         ;* Reserved
  297 00000030 482F            LDR              R0, =0xC
  298 00000032 E7FE            B                .
  320 00000034                 STAYHERE         0xD         ;* Reserved
  297 00000034 482F            LDR              R0, =0xD
  298 00000036 E7FE            B                .
  321 00000038                 JUMPTO           PendSV_Handler ;* PendSV Veneer
                                                                 
  303 00000038 482F            LDR              R0, =PendSV_Handler
  304 0000003A 4700            BX               R0
  322 0000003C                 JUMPTO           SysTick_Handler ;* SysTick Vene
                                                            er    
  303 0000003C 482F            LDR              R0, =SysTick_Handler
  304 0000003E 4700            BX               R0
  323 00000040                 JUMPTO           IRQ0_Handler
  303 00000040 482F            LDR              R0, =IRQ0_Handler
  304 00000042 4700            BX               R0
  324 00000044                 JUMPTO           IRQ1_Handler
  303 00000044 482F            LDR              R0, =IRQ1_Handler
  304 00000046 4700            BX               R0
  325 00000048                 JUMPTO           IRQ2_Handler
  303 00000048 482F            LDR              R0, =IRQ2_Handler
  304 0000004A 4700            BX               R0
  326 0000004C                 JUMPTO           IRQ3_Handler
  303 0000004C 482F            LDR              R0, =IRQ3_Handler
  304 0000004E 4700            BX               R0
  327 00000050                 JUMPTO           IRQ4_Handler
  303 00000050 482F            LDR              R0, =IRQ4_Handler
  304 00000052 4700            BX               R0
  328 00000054                 JUMPTO           IRQ5_Handler
  303 00000054 482F            LDR              R0, =IRQ5_Handler
  304 00000056 4700            BX               R0
  329 00000058                 JUMPTO           IRQ6_Handler
  303 00000058 482F            LDR              R0, =IRQ6_Handler
  304 0000005A 4700            BX               R0
  330 0000005C                 JUMPTO           IRQ7_Handler
  303 0000005C 482F            LDR              R0, =IRQ7_Handler
  304 0000005E 4700            BX               R0
  331 00000060                 JUMPTO           IRQ8_Handler
  303 00000060 482F            LDR              R0, =IRQ8_Handler
  304 00000062 4700            BX               R0
  332 00000064                 JUMPTO           IRQ9_Handler
  303 00000064 482F            LDR              R0, =IRQ9_Handler



ARM Macro Assembler    Page 11 


  304 00000066 4700            BX               R0
  333 00000068                 JUMPTO           IRQ10_Handler
  303 00000068 482F            LDR              R0, =IRQ10_Handler
  304 0000006A 4700            BX               R0
  334 0000006C                 JUMPTO           IRQ11_Handler
  303 0000006C 482F            LDR              R0, =IRQ11_Handler
  304 0000006E 4700            BX               R0
  335 00000070                 JUMPTO           IRQ12_Handler
  303 00000070 482F            LDR              R0, =IRQ12_Handler
  304 00000072 4700            BX               R0
  336 00000074                 JUMPTO           IRQ13_Handler
  303 00000074 482F            LDR              R0, =IRQ13_Handler
  304 00000076 4700            BX               R0
  337 00000078                 JUMPTO           IRQ14_Handler
  303 00000078 482F            LDR              R0, =IRQ14_Handler
  304 0000007A 4700            BX               R0
  338 0000007C                 JUMPTO           IRQ15_Handler
  303 0000007C 482F            LDR              R0, =IRQ15_Handler
  304 0000007E 4700            BX               R0
  339 00000080                 JUMPTO           IRQ16_Handler
  303 00000080 482F            LDR              R0, =IRQ16_Handler
  304 00000082 4700            BX               R0
  340 00000084                 JUMPTO           IRQ17_Handler
  303 00000084 482F            LDR              R0, =IRQ17_Handler
  304 00000086 4700            BX               R0
  341 00000088                 JUMPTO           IRQ18_Handler
  303 00000088 482F            LDR              R0, =IRQ18_Handler
  304 0000008A 4700            BX               R0
  342 0000008C                 JUMPTO           IRQ19_Handler
  303 0000008C 482F            LDR              R0, =IRQ19_Handler
  304 0000008E 4700            BX               R0
  343 00000090                 JUMPTO           IRQ20_Handler
  303 00000090 482F            LDR              R0, =IRQ20_Handler
  304 00000092 4700            BX               R0
  344 00000094                 JUMPTO           IRQ21_Handler
  303 00000094 482F            LDR              R0, =IRQ21_Handler
  304 00000096 4700            BX               R0
  345 00000098                 JUMPTO           IRQ22_Handler
  303 00000098 482F            LDR              R0, =IRQ22_Handler
  304 0000009A 4700            BX               R0
  346 0000009C                 JUMPTO           IRQ23_Handler
  303 0000009C 482F            LDR              R0, =IRQ23_Handler
  304 0000009E 4700            BX               R0
  347 000000A0                 JUMPTO           IRQ24_Handler
  303 000000A0 482F            LDR              R0, =IRQ24_Handler
  304 000000A2 4700            BX               R0
  348 000000A4                 JUMPTO           IRQ25_Handler
  303 000000A4 482F            LDR              R0, =IRQ25_Handler
  304 000000A6 4700            BX               R0
  349 000000A8                 JUMPTO           IRQ26_Handler
  303 000000A8 482F            LDR              R0, =IRQ26_Handler
  304 000000AA 4700            BX               R0
  350 000000AC                 JUMPTO           IRQ27_Handler
  303 000000AC 482F            LDR              R0, =IRQ27_Handler
  304 000000AE 4700            BX               R0
  351 000000B0                 JUMPTO           IRQ28_Handler
  303 000000B0 482F            LDR              R0, =IRQ28_Handler
  304 000000B2 4700            BX               R0
  352 000000B4                 JUMPTO           IRQ29_Handler



ARM Macro Assembler    Page 12 


  303 000000B4 482F            LDR              R0, =IRQ29_Handler
  304 000000B6 4700            BX               R0
  353 000000B8                 JUMPTO           IRQ30_Handler
  303 000000B8 482F            LDR              R0, =IRQ30_Handler
  304 000000BA 4700            BX               R0
  354 000000BC                 JUMPTO           IRQ31_Handler
  303 000000BC 482F            LDR              R0, =IRQ31_Handler
  304 000000BE 4700            BX               R0
  355 000000C0         
  356 000000C0                 ALIGN
  357 000000C0         
  358 000000C0         ;* ================== END OF INTERRUPT HANDLER VENEERS =
                       ===================== */
  359 000000C0         
  360 000000C0                 END
              00000000 
              00000001 
              00000002 
              00000000 
              00000004 
              00000005 
              00000006 
              00000007 
              00000008 
              00000009 
              0000000A 
              00000000 
              0000000C 
              0000000D 
              00000000 
              00000000 
              00000000 
              00000000 
              00000000 
              00000000 
              00000000 
              00000000 
              00000000 
              00000000 
              00000000 
              00000000 
              00000000 
              00000000 
              00000000 
              00000000 
              00000000 
              00000000 
              00000000 
              00000000 
              00000000 
              00000000 
              00000000 
              00000000 
              00000000 
              00000000 
              00000000 
              00000000 
              00000000 
              00000000 



ARM Macro Assembler    Page 13 


              00000000 
              00000000 
              00000000 
              00000000 
Command Line: --debug --xref --diag_suppress=9931 --cpu=Cortex-M0 --apcs=interw
ork --depend=.\objects\startup_xmc1400.d -o.\objects\startup_xmc1400.o -I.\RTE\
_Target_1 -IC:\Users\NLQT\AppData\Local\Arm\Packs\Infineon\XMC1000_DFP\2.11.0\D
evice\XMC1400_series\Include -IC:\Keil_v5\ARM\CMSIS\Include --predefine="__UVIS
ION_VERSION SETA 529" --predefine="XMC1404_Q064x0200 SETA 1" --list=.\listings\
startup_xmc1400.lst ..\Startup\RTE\Device\XMC1404-Q064x0200\startup_XMC1400.s



ARM Macro Assembler    Page 1 Alphabetic symbol ordering
Relocatable symbols

STACK 00000000

Symbol: STACK
   Definitions
      At line 54 in file ..\Startup\RTE\Device\XMC1404-Q064x0200\startup_XMC140
0.s
   Uses
      None
Comment: STACK unused
Stack_Mem 00000000

Symbol: Stack_Mem
   Definitions
      At line 55 in file ..\Startup\RTE\Device\XMC1404-Q064x0200\startup_XMC140
0.s
   Uses
      At line 278 in file ..\Startup\RTE\Device\XMC1404-Q064x0200\startup_XMC14
00.s
      At line 280 in file ..\Startup\RTE\Device\XMC1404-Q064x0200\startup_XMC14
00.s

__initial_sp 00000400

Symbol: __initial_sp
   Definitions
      At line 56 in file ..\Startup\RTE\Device\XMC1404-Q064x0200\startup_XMC140
0.s
   Uses
      At line 139 in file ..\Startup\RTE\Device\XMC1404-Q064x0200\startup_XMC14
00.s
Comment: __initial_sp used once
3 symbols



ARM Macro Assembler    Page 1 Alphabetic symbol ordering
Relocatable symbols

HEAP 00000000

Symbol: HEAP
   Definitions
      At line 65 in file ..\Startup\RTE\Device\XMC1404-Q064x0200\startup_XMC140
0.s
   Uses
      None
Comment: HEAP unused
Heap_Mem 00000000

Symbol: Heap_Mem
   Definitions
      At line 67 in file ..\Startup\RTE\Device\XMC1404-Q064x0200\startup_XMC140
0.s
   Uses
      At line 277 in file ..\Startup\RTE\Device\XMC1404-Q064x0200\startup_XMC14
00.s
      At line 279 in file ..\Startup\RTE\Device\XMC1404-Q064x0200\startup_XMC14
00.s

__heap_base 00000000

Symbol: __heap_base
   Definitions
      At line 66 in file ..\Startup\RTE\Device\XMC1404-Q064x0200\startup_XMC140
0.s
   Uses
      None
Comment: __heap_base unused
__heap_limit 00000200

Symbol: __heap_limit
   Definitions
      At line 68 in file ..\Startup\RTE\Device\XMC1404-Q064x0200\startup_XMC140
0.s
   Uses
      None
Comment: __heap_limit unused
4 symbols



ARM Macro Assembler    Page 1 Alphabetic symbol ordering
Relocatable symbols

RESET 00000000

Symbol: RESET
   Definitions
      At line 134 in file ..\Startup\RTE\Device\XMC1404-Q064x0200\startup_XMC14
00.s
   Uses
      None
Comment: RESET unused
__Vectors 00000000

Symbol: __Vectors
   Definitions
      At line 139 in file ..\Startup\RTE\Device\XMC1404-Q064x0200\startup_XMC14
00.s
   Uses
      At line 135 in file ..\Startup\RTE\Device\XMC1404-Q064x0200\startup_XMC14
00.s
      At line 148 in file ..\Startup\RTE\Device\XMC1404-Q064x0200\startup_XMC14
00.s

__Vectors_End 0000001C

Symbol: __Vectors_End
   Definitions
      At line 146 in file ..\Startup\RTE\Device\XMC1404-Q064x0200\startup_XMC14
00.s
   Uses
      At line 136 in file ..\Startup\RTE\Device\XMC1404-Q064x0200\startup_XMC14
00.s
      At line 148 in file ..\Startup\RTE\Device\XMC1404-Q064x0200\startup_XMC14
00.s

3 symbols



ARM Macro Assembler    Page 1 Alphabetic symbol ordering
Relocatable symbols

.text 00000000

Symbol: .text
   Definitions
      At line 150 in file ..\Startup\RTE\Device\XMC1404-Q064x0200\startup_XMC14
00.s
   Uses
      None
Comment: .text unused
Default_Handler 00000016

Symbol: Default_Handler
   Definitions
      At line 180 in file ..\Startup\RTE\Device\XMC1404-Q064x0200\startup_XMC14
00.s
   Uses
      None
Comment: Default_Handler unused
HardFault_Handler 00000016

Symbol: HardFault_Handler
   Definitions
      At line 219 in file ..\Startup\RTE\Device\XMC1404-Q064x0200\startup_XMC14
00.s
   Uses
      At line 182 in file ..\Startup\RTE\Device\XMC1404-Q064x0200\startup_XMC14
00.s
      At line 303 in macro JUMPTO
      at line 310 in file ..\Startup\RTE\Device\XMC1404-Q064x0200\startup_XMC14
00.s

IRQ0_Handler 00000016

Symbol: IRQ0_Handler
   Definitions
      At line 223 in file ..\Startup\RTE\Device\XMC1404-Q064x0200\startup_XMC14
00.s
   Uses
      At line 186 in file ..\Startup\RTE\Device\XMC1404-Q064x0200\startup_XMC14
00.s
      At line 303 in macro JUMPTO
      at line 323 in file ..\Startup\RTE\Device\XMC1404-Q064x0200\startup_XMC14
00.s

IRQ10_Handler 00000016

Symbol: IRQ10_Handler
   Definitions
      At line 233 in file ..\Startup\RTE\Device\XMC1404-Q064x0200\startup_XMC14
00.s
   Uses
      At line 196 in file ..\Startup\RTE\Device\XMC1404-Q064x0200\startup_XMC14
00.s
      At line 303 in macro JUMPTO
      at line 333 in file ..\Startup\RTE\Device\XMC1404-Q064x0200\startup_XMC14
00.s

IRQ11_Handler 00000016




ARM Macro Assembler    Page 2 Alphabetic symbol ordering
Relocatable symbols

Symbol: IRQ11_Handler
   Definitions
      At line 234 in file ..\Startup\RTE\Device\XMC1404-Q064x0200\startup_XMC14
00.s
   Uses
      At line 197 in file ..\Startup\RTE\Device\XMC1404-Q064x0200\startup_XMC14
00.s
      At line 303 in macro JUMPTO
      at line 334 in file ..\Startup\RTE\Device\XMC1404-Q064x0200\startup_XMC14
00.s

IRQ12_Handler 00000016

Symbol: IRQ12_Handler
   Definitions
      At line 235 in file ..\Startup\RTE\Device\XMC1404-Q064x0200\startup_XMC14
00.s
   Uses
      At line 198 in file ..\Startup\RTE\Device\XMC1404-Q064x0200\startup_XMC14
00.s
      At line 303 in macro JUMPTO
      at line 335 in file ..\Startup\RTE\Device\XMC1404-Q064x0200\startup_XMC14
00.s

IRQ13_Handler 00000016

Symbol: IRQ13_Handler
   Definitions
      At line 236 in file ..\Startup\RTE\Device\XMC1404-Q064x0200\startup_XMC14
00.s
   Uses
      At line 199 in file ..\Startup\RTE\Device\XMC1404-Q064x0200\startup_XMC14
00.s
      At line 303 in macro JUMPTO
      at line 336 in file ..\Startup\RTE\Device\XMC1404-Q064x0200\startup_XMC14
00.s

IRQ14_Handler 00000016

Symbol: IRQ14_Handler
   Definitions
      At line 237 in file ..\Startup\RTE\Device\XMC1404-Q064x0200\startup_XMC14
00.s
   Uses
      At line 200 in file ..\Startup\RTE\Device\XMC1404-Q064x0200\startup_XMC14
00.s
      At line 303 in macro JUMPTO
      at line 337 in file ..\Startup\RTE\Device\XMC1404-Q064x0200\startup_XMC14
00.s

IRQ15_Handler 00000016

Symbol: IRQ15_Handler
   Definitions
      At line 238 in file ..\Startup\RTE\Device\XMC1404-Q064x0200\startup_XMC14
00.s
   Uses
      At line 201 in file ..\Startup\RTE\Device\XMC1404-Q064x0200\startup_XMC14
00.s



ARM Macro Assembler    Page 3 Alphabetic symbol ordering
Relocatable symbols

      At line 303 in macro JUMPTO
      at line 338 in file ..\Startup\RTE\Device\XMC1404-Q064x0200\startup_XMC14
00.s

IRQ16_Handler 00000016

Symbol: IRQ16_Handler
   Definitions
      At line 239 in file ..\Startup\RTE\Device\XMC1404-Q064x0200\startup_XMC14
00.s
   Uses
      At line 202 in file ..\Startup\RTE\Device\XMC1404-Q064x0200\startup_XMC14
00.s
      At line 303 in macro JUMPTO
      at line 339 in file ..\Startup\RTE\Device\XMC1404-Q064x0200\startup_XMC14
00.s

IRQ17_Handler 00000016

Symbol: IRQ17_Handler
   Definitions
      At line 240 in file ..\Startup\RTE\Device\XMC1404-Q064x0200\startup_XMC14
00.s
   Uses
      At line 203 in file ..\Startup\RTE\Device\XMC1404-Q064x0200\startup_XMC14
00.s
      At line 303 in macro JUMPTO
      at line 340 in file ..\Startup\RTE\Device\XMC1404-Q064x0200\startup_XMC14
00.s

IRQ18_Handler 00000016

Symbol: IRQ18_Handler
   Definitions
      At line 241 in file ..\Startup\RTE\Device\XMC1404-Q064x0200\startup_XMC14
00.s
   Uses
      At line 204 in file ..\Startup\RTE\Device\XMC1404-Q064x0200\startup_XMC14
00.s
      At line 303 in macro JUMPTO
      at line 341 in file ..\Startup\RTE\Device\XMC1404-Q064x0200\startup_XMC14
00.s

IRQ19_Handler 00000016

Symbol: IRQ19_Handler
   Definitions
      At line 242 in file ..\Startup\RTE\Device\XMC1404-Q064x0200\startup_XMC14
00.s
   Uses
      At line 205 in file ..\Startup\RTE\Device\XMC1404-Q064x0200\startup_XMC14
00.s
      At line 303 in macro JUMPTO
      at line 342 in file ..\Startup\RTE\Device\XMC1404-Q064x0200\startup_XMC14
00.s

IRQ1_Handler 00000016

Symbol: IRQ1_Handler



ARM Macro Assembler    Page 4 Alphabetic symbol ordering
Relocatable symbols

   Definitions
      At line 224 in file ..\Startup\RTE\Device\XMC1404-Q064x0200\startup_XMC14
00.s
   Uses
      At line 187 in file ..\Startup\RTE\Device\XMC1404-Q064x0200\startup_XMC14
00.s
      At line 303 in macro JUMPTO
      at line 324 in file ..\Startup\RTE\Device\XMC1404-Q064x0200\startup_XMC14
00.s

IRQ20_Handler 00000016

Symbol: IRQ20_Handler
   Definitions
      At line 243 in file ..\Startup\RTE\Device\XMC1404-Q064x0200\startup_XMC14
00.s
   Uses
      At line 206 in file ..\Startup\RTE\Device\XMC1404-Q064x0200\startup_XMC14
00.s
      At line 303 in macro JUMPTO
      at line 343 in file ..\Startup\RTE\Device\XMC1404-Q064x0200\startup_XMC14
00.s

IRQ21_Handler 00000016

Symbol: IRQ21_Handler
   Definitions
      At line 244 in file ..\Startup\RTE\Device\XMC1404-Q064x0200\startup_XMC14
00.s
   Uses
      At line 207 in file ..\Startup\RTE\Device\XMC1404-Q064x0200\startup_XMC14
00.s
      At line 303 in macro JUMPTO
      at line 344 in file ..\Startup\RTE\Device\XMC1404-Q064x0200\startup_XMC14
00.s

IRQ22_Handler 00000016

Symbol: IRQ22_Handler
   Definitions
      At line 245 in file ..\Startup\RTE\Device\XMC1404-Q064x0200\startup_XMC14
00.s
   Uses
      At line 208 in file ..\Startup\RTE\Device\XMC1404-Q064x0200\startup_XMC14
00.s
      At line 303 in macro JUMPTO
      at line 345 in file ..\Startup\RTE\Device\XMC1404-Q064x0200\startup_XMC14
00.s

IRQ23_Handler 00000016

Symbol: IRQ23_Handler
   Definitions
      At line 246 in file ..\Startup\RTE\Device\XMC1404-Q064x0200\startup_XMC14
00.s
   Uses
      At line 209 in file ..\Startup\RTE\Device\XMC1404-Q064x0200\startup_XMC14
00.s
      At line 303 in macro JUMPTO



ARM Macro Assembler    Page 5 Alphabetic symbol ordering
Relocatable symbols

      at line 346 in file ..\Startup\RTE\Device\XMC1404-Q064x0200\startup_XMC14
00.s

IRQ24_Handler 00000016

Symbol: IRQ24_Handler
   Definitions
      At line 247 in file ..\Startup\RTE\Device\XMC1404-Q064x0200\startup_XMC14
00.s
   Uses
      At line 210 in file ..\Startup\RTE\Device\XMC1404-Q064x0200\startup_XMC14
00.s
      At line 303 in macro JUMPTO
      at line 347 in file ..\Startup\RTE\Device\XMC1404-Q064x0200\startup_XMC14
00.s

IRQ25_Handler 00000016

Symbol: IRQ25_Handler
   Definitions
      At line 248 in file ..\Startup\RTE\Device\XMC1404-Q064x0200\startup_XMC14
00.s
   Uses
      At line 211 in file ..\Startup\RTE\Device\XMC1404-Q064x0200\startup_XMC14
00.s
      At line 303 in macro JUMPTO
      at line 348 in file ..\Startup\RTE\Device\XMC1404-Q064x0200\startup_XMC14
00.s

IRQ26_Handler 00000016

Symbol: IRQ26_Handler
   Definitions
      At line 249 in file ..\Startup\RTE\Device\XMC1404-Q064x0200\startup_XMC14
00.s
   Uses
      At line 212 in file ..\Startup\RTE\Device\XMC1404-Q064x0200\startup_XMC14
00.s
      At line 303 in macro JUMPTO
      at line 349 in file ..\Startup\RTE\Device\XMC1404-Q064x0200\startup_XMC14
00.s

IRQ27_Handler 00000016

Symbol: IRQ27_Handler
   Definitions
      At line 250 in file ..\Startup\RTE\Device\XMC1404-Q064x0200\startup_XMC14
00.s
   Uses
      At line 213 in file ..\Startup\RTE\Device\XMC1404-Q064x0200\startup_XMC14
00.s
      At line 303 in macro JUMPTO
      at line 350 in file ..\Startup\RTE\Device\XMC1404-Q064x0200\startup_XMC14
00.s

IRQ28_Handler 00000016

Symbol: IRQ28_Handler
   Definitions



ARM Macro Assembler    Page 6 Alphabetic symbol ordering
Relocatable symbols

      At line 251 in file ..\Startup\RTE\Device\XMC1404-Q064x0200\startup_XMC14
00.s
   Uses
      At line 214 in file ..\Startup\RTE\Device\XMC1404-Q064x0200\startup_XMC14
00.s
      At line 303 in macro JUMPTO
      at line 351 in file ..\Startup\RTE\Device\XMC1404-Q064x0200\startup_XMC14
00.s

IRQ29_Handler 00000016

Symbol: IRQ29_Handler
   Definitions
      At line 252 in file ..\Startup\RTE\Device\XMC1404-Q064x0200\startup_XMC14
00.s
   Uses
      At line 215 in file ..\Startup\RTE\Device\XMC1404-Q064x0200\startup_XMC14
00.s
      At line 303 in macro JUMPTO
      at line 352 in file ..\Startup\RTE\Device\XMC1404-Q064x0200\startup_XMC14
00.s

IRQ2_Handler 00000016

Symbol: IRQ2_Handler
   Definitions
      At line 225 in file ..\Startup\RTE\Device\XMC1404-Q064x0200\startup_XMC14
00.s
   Uses
      At line 188 in file ..\Startup\RTE\Device\XMC1404-Q064x0200\startup_XMC14
00.s
      At line 303 in macro JUMPTO
      at line 325 in file ..\Startup\RTE\Device\XMC1404-Q064x0200\startup_XMC14
00.s

IRQ30_Handler 00000016

Symbol: IRQ30_Handler
   Definitions
      At line 253 in file ..\Startup\RTE\Device\XMC1404-Q064x0200\startup_XMC14
00.s
   Uses
      At line 216 in file ..\Startup\RTE\Device\XMC1404-Q064x0200\startup_XMC14
00.s
      At line 303 in macro JUMPTO
      at line 353 in file ..\Startup\RTE\Device\XMC1404-Q064x0200\startup_XMC14
00.s

IRQ31_Handler 00000016

Symbol: IRQ31_Handler
   Definitions
      At line 254 in file ..\Startup\RTE\Device\XMC1404-Q064x0200\startup_XMC14
00.s
   Uses
      At line 217 in file ..\Startup\RTE\Device\XMC1404-Q064x0200\startup_XMC14
00.s
      At line 303 in macro JUMPTO
      at line 354 in file ..\Startup\RTE\Device\XMC1404-Q064x0200\startup_XMC14



ARM Macro Assembler    Page 7 Alphabetic symbol ordering
Relocatable symbols

00.s

IRQ3_Handler 00000016

Symbol: IRQ3_Handler
   Definitions
      At line 226 in file ..\Startup\RTE\Device\XMC1404-Q064x0200\startup_XMC14
00.s
   Uses
      At line 189 in file ..\Startup\RTE\Device\XMC1404-Q064x0200\startup_XMC14
00.s
      At line 303 in macro JUMPTO
      at line 326 in file ..\Startup\RTE\Device\XMC1404-Q064x0200\startup_XMC14
00.s

IRQ4_Handler 00000016

Symbol: IRQ4_Handler
   Definitions
      At line 227 in file ..\Startup\RTE\Device\XMC1404-Q064x0200\startup_XMC14
00.s
   Uses
      At line 190 in file ..\Startup\RTE\Device\XMC1404-Q064x0200\startup_XMC14
00.s
      At line 303 in macro JUMPTO
      at line 327 in file ..\Startup\RTE\Device\XMC1404-Q064x0200\startup_XMC14
00.s

IRQ5_Handler 00000016

Symbol: IRQ5_Handler
   Definitions
      At line 228 in file ..\Startup\RTE\Device\XMC1404-Q064x0200\startup_XMC14
00.s
   Uses
      At line 191 in file ..\Startup\RTE\Device\XMC1404-Q064x0200\startup_XMC14
00.s
      At line 303 in macro JUMPTO
      at line 328 in file ..\Startup\RTE\Device\XMC1404-Q064x0200\startup_XMC14
00.s

IRQ6_Handler 00000016

Symbol: IRQ6_Handler
   Definitions
      At line 229 in file ..\Startup\RTE\Device\XMC1404-Q064x0200\startup_XMC14
00.s
   Uses
      At line 192 in file ..\Startup\RTE\Device\XMC1404-Q064x0200\startup_XMC14
00.s
      At line 303 in macro JUMPTO
      at line 329 in file ..\Startup\RTE\Device\XMC1404-Q064x0200\startup_XMC14
00.s

IRQ7_Handler 00000016

Symbol: IRQ7_Handler
   Definitions
      At line 230 in file ..\Startup\RTE\Device\XMC1404-Q064x0200\startup_XMC14



ARM Macro Assembler    Page 8 Alphabetic symbol ordering
Relocatable symbols

00.s
   Uses
      At line 193 in file ..\Startup\RTE\Device\XMC1404-Q064x0200\startup_XMC14
00.s
      At line 303 in macro JUMPTO
      at line 330 in file ..\Startup\RTE\Device\XMC1404-Q064x0200\startup_XMC14
00.s

IRQ8_Handler 00000016

Symbol: IRQ8_Handler
   Definitions
      At line 231 in file ..\Startup\RTE\Device\XMC1404-Q064x0200\startup_XMC14
00.s
   Uses
      At line 194 in file ..\Startup\RTE\Device\XMC1404-Q064x0200\startup_XMC14
00.s
      At line 303 in macro JUMPTO
      at line 331 in file ..\Startup\RTE\Device\XMC1404-Q064x0200\startup_XMC14
00.s

IRQ9_Handler 00000016

Symbol: IRQ9_Handler
   Definitions
      At line 232 in file ..\Startup\RTE\Device\XMC1404-Q064x0200\startup_XMC14
00.s
   Uses
      At line 195 in file ..\Startup\RTE\Device\XMC1404-Q064x0200\startup_XMC14
00.s
      At line 303 in macro JUMPTO
      at line 332 in file ..\Startup\RTE\Device\XMC1404-Q064x0200\startup_XMC14
00.s

Init_Veneers 00000006

Symbol: Init_Veneers
   Definitions
      At line 168 in file ..\Startup\RTE\Device\XMC1404-Q064x0200\startup_XMC14
00.s
   Uses
      At line 172 in file ..\Startup\RTE\Device\XMC1404-Q064x0200\startup_XMC14
00.s
Comment: Init_Veneers used once
PendSV_Handler 00000016

Symbol: PendSV_Handler
   Definitions
      At line 221 in file ..\Startup\RTE\Device\XMC1404-Q064x0200\startup_XMC14
00.s
   Uses
      At line 184 in file ..\Startup\RTE\Device\XMC1404-Q064x0200\startup_XMC14
00.s
      At line 303 in macro JUMPTO
      at line 321 in file ..\Startup\RTE\Device\XMC1404-Q064x0200\startup_XMC14
00.s

Reset_Handler 00000000




ARM Macro Assembler    Page 9 Alphabetic symbol ordering
Relocatable symbols

Symbol: Reset_Handler
   Definitions
      At line 155 in file ..\Startup\RTE\Device\XMC1404-Q064x0200\startup_XMC14
00.s
   Uses
      At line 140 in file ..\Startup\RTE\Device\XMC1404-Q064x0200\startup_XMC14
00.s
      At line 156 in file ..\Startup\RTE\Device\XMC1404-Q064x0200\startup_XMC14
00.s

SVC_Handler 00000016

Symbol: SVC_Handler
   Definitions
      At line 220 in file ..\Startup\RTE\Device\XMC1404-Q064x0200\startup_XMC14
00.s
   Uses
      At line 183 in file ..\Startup\RTE\Device\XMC1404-Q064x0200\startup_XMC14
00.s
      At line 303 in macro JUMPTO
      at line 318 in file ..\Startup\RTE\Device\XMC1404-Q064x0200\startup_XMC14
00.s

SysTick_Handler 00000016

Symbol: SysTick_Handler
   Definitions
      At line 222 in file ..\Startup\RTE\Device\XMC1404-Q064x0200\startup_XMC14
00.s
   Uses
      At line 185 in file ..\Startup\RTE\Device\XMC1404-Q064x0200\startup_XMC14
00.s
      At line 303 in macro JUMPTO
      at line 322 in file ..\Startup\RTE\Device\XMC1404-Q064x0200\startup_XMC14
00.s

__user_initial_stackheap 00000018

Symbol: __user_initial_stackheap
   Definitions
      At line 276 in file ..\Startup\RTE\Device\XMC1404-Q064x0200\startup_XMC14
00.s
   Uses
      At line 274 in file ..\Startup\RTE\Device\XMC1404-Q064x0200\startup_XMC14
00.s
Comment: __user_initial_stackheap used once
41 symbols



ARM Macro Assembler    Page 1 Alphabetic symbol ordering
Relocatable symbols

.ARM.__at_0x20000000 00000000

Symbol: .ARM.__at_0x20000000
   Definitions
      At line 291 in file ..\Startup\RTE\Device\XMC1404-Q064x0200\startup_XMC14
00.s
   Uses
      None
Comment: .ARM.__at_0x20000000 unused
1 symbol



ARM Macro Assembler    Page 1 Alphabetic symbol ordering
Absolute symbols

CLK_VAL1_Val 00041800

Symbol: CLK_VAL1_Val
   Definitions
      At line 94 in file ..\Startup\RTE\Device\XMC1404-Q064x0200\startup_XMC140
0.s
   Uses
      At line 143 in file ..\Startup\RTE\Device\XMC1404-Q064x0200\startup_XMC14
00.s
Comment: CLK_VAL1_Val used once
CLK_VAL2_Val 00000100

Symbol: CLK_VAL2_Val
   Definitions
      At line 118 in file ..\Startup\RTE\Device\XMC1404-Q064x0200\startup_XMC14
00.s
   Uses
      At line 144 in file ..\Startup\RTE\Device\XMC1404-Q064x0200\startup_XMC14
00.s
Comment: CLK_VAL2_Val used once
Heap_Size 00000200

Symbol: Heap_Size
   Definitions
      At line 63 in file ..\Startup\RTE\Device\XMC1404-Q064x0200\startup_XMC140
0.s
   Uses
      At line 67 in file ..\Startup\RTE\Device\XMC1404-Q064x0200\startup_XMC140
0.s
      At line 279 in file ..\Startup\RTE\Device\XMC1404-Q064x0200\startup_XMC14
00.s

SRAM_BASE 20000000

Symbol: SRAM_BASE
   Definitions
      At line 162 in file ..\Startup\RTE\Device\XMC1404-Q064x0200\startup_XMC14
00.s
   Uses
      At line 165 in file ..\Startup\RTE\Device\XMC1404-Q064x0200\startup_XMC14
00.s
Comment: SRAM_BASE used once
Stack_Size 00000400

Symbol: Stack_Size
   Definitions
      At line 52 in file ..\Startup\RTE\Device\XMC1404-Q064x0200\startup_XMC140
0.s
   Uses
      At line 55 in file ..\Startup\RTE\Device\XMC1404-Q064x0200\startup_XMC140
0.s
      At line 278 in file ..\Startup\RTE\Device\XMC1404-Q064x0200\startup_XMC14
00.s

VENEER_INIT_CODE E7FEBF00

Symbol: VENEER_INIT_CODE
   Definitions
      At line 163 in file ..\Startup\RTE\Device\XMC1404-Q064x0200\startup_XMC14



ARM Macro Assembler    Page 2 Alphabetic symbol ordering
Absolute symbols

00.s
   Uses
      At line 166 in file ..\Startup\RTE\Device\XMC1404-Q064x0200\startup_XMC14
00.s
Comment: VENEER_INIT_CODE used once
WAIT_ASCBSL_ENTRY_SSW_Val 80000000

Symbol: WAIT_ASCBSL_ENTRY_SSW_Val
   Definitions
      At line 126 in file ..\Startup\RTE\Device\XMC1404-Q064x0200\startup_XMC14
00.s
   Uses
      At line 145 in file ..\Startup\RTE\Device\XMC1404-Q064x0200\startup_XMC14
00.s
Comment: WAIT_ASCBSL_ENTRY_SSW_Val used once
__Vectors_Size 0000001C

Symbol: __Vectors_Size
   Definitions
      At line 148 in file ..\Startup\RTE\Device\XMC1404-Q064x0200\startup_XMC14
00.s
   Uses
      At line 137 in file ..\Startup\RTE\Device\XMC1404-Q064x0200\startup_XMC14
00.s
Comment: __Vectors_Size used once
8 symbols



ARM Macro Assembler    Page 1 Alphabetic symbol ordering
External symbols

SystemInit 00000000

Symbol: SystemInit
   Definitions
      At line 157 in file ..\Startup\RTE\Device\XMC1404-Q064x0200\startup_XMC14
00.s
   Uses
      At line 174 in file ..\Startup\RTE\Device\XMC1404-Q064x0200\startup_XMC14
00.s
Comment: SystemInit used once
__main 00000000

Symbol: __main
   Definitions
      At line 158 in file ..\Startup\RTE\Device\XMC1404-Q064x0200\startup_XMC14
00.s
   Uses
      At line 176 in file ..\Startup\RTE\Device\XMC1404-Q064x0200\startup_XMC14
00.s
Comment: __main used once
__use_two_region_memory 00000000

Symbol: __use_two_region_memory
   Definitions
      At line 273 in file ..\Startup\RTE\Device\XMC1404-Q064x0200\startup_XMC14
00.s
   Uses
      None
Comment: __use_two_region_memory unused
3 symbols
401 symbols in table
